PUT /api/candidate/profile 400 29 - 9.007 ms
PUT /api/candidate/profile 403 61 - 11.452 ms
PUT /api/candidate/profile 403 61 - 5.002 ms
PUT /api/recruiter/profile 200 4 - 58.685 ms
PUT /api/recruiter/profile 200 4 - 13.545 ms
POST /users/login 200 208 - 178.099 ms
POST /users/register 400 116 - 6.734 ms
GET /users/account 200 252 - 11.904 ms
POST /users/register 201 254 - 124.129 ms
POST /users/register 400 117 - 12.637 ms
POST /users/register 201 254 - 238.264 ms
POST /users/login 200 208 - 346.046 ms
GET /users/account 200 254 - 9.754 ms
POST /users/register 201 254 - 233.840 ms
POST /users/login 200 208 - 179.856 ms
GET /users/account 200 254 - 7.774 ms
GET /api/jobs 400 29 - 0.426 ms
POST /api/candidate/profile 400 108 - 19.538 ms
POST /api/candidate/profile 400 108 - 62.554 ms
POST /api/candidate/profile 400 108 - 17.412 ms
POST /api/candidate/profile 400 108 - 12.677 ms
POST /api/candidate/profile 200 235 - 54.765 ms
POST /api/candidate/profile 400 197 - 37.756 ms
GET /api/candidate/profile - - - - ms
GET /api/candidate/profile - - - - ms
GET /api/candidate/profile - - - - ms
GET /api/candidate/profile - - - - ms
PUT /api/candidate/profile 403 61 - 4.083 ms
PUT /api/candidate/profile 200 237 - 19.700 ms
GET /api/candidate/profile - - - - ms
GET /api/candidate/profile 200 237 - 32.592 ms
POST /users/register 400 800 - 68.017 ms
POST /users/register 400 800 - 22.132 ms
POST /users/lo 404 148 - 6.995 ms
POST /users/login 200 208 - 337.687 ms
POST /api/recruiter/profile 200 260 - 108.643 ms
GET /api/recruiter/profile 200 156 - 27.260 ms
GET /api/recruiter/profile 200 156 - 20.682 ms
PUT /api/recruiter/profile 200 245 - 15.044 ms
POST /users/register 400 621 - 68.030 ms
POST /users/register 400 430 - 12.566 ms
POST /users/register 201 260 - 381.161 ms
POST /users/login 200 208 - 312.928 ms
POST /users/login 404 36 - 107.991 ms
POST /users/login 404 36 - 10.862 ms
POST /users/login 404 36 - 9.225 ms
POST /users/register 201 256 - 389.101 ms
POST /users/login 404 36 - 8.920 ms
POST /users/login 404 36 - 8.104 ms
POST /users/login 404 36 - 6.147 ms
POST /users/login 404 36 - 8.206 ms
POST /users/login 404 36 - 8.256 ms
POST /users/login 404 36 - 6.408 ms
POST /users/login 404 36 - 5.742 ms
POST /users/login 200 208 - 308.401 ms
POST /users/login 200 208 - 293.853 ms
POST /users/login 200 208 - 298.048 ms
POST /users/register 400 118 - 31.920 ms
GET /users/checkemail?email=abhi@gmail.com 200 28 - 4.915 ms
GET /users/checkemail?email=agmail.com 200 29 - 18.034 ms
GET /users/checkemail?email=a@gmail.com 200 29 - 4.216 ms
POST /users/register 201 252 - 164.463 ms
POST /users/login 200 208 - 110.688 ms
GET /users/checkemail?email=bgmail.com 200 29 - 3.285 ms
GET /users/checkemail?email=a@gmail.com 200 28 - 3.438 ms
POST /users/register 400 115 - 4.172 ms
GET /users/email?email=a@gmail.com 404 150 - 1.632 ms
GET /users/email?email=a@gmail.com 404 150 - 0.683 ms
POST /users/register 400 115 - 6.594 ms
GET /users/email?email=a@gmail.com 404 150 - 1.005 ms
POST /users/register 400 115 - 12.082 ms
GET /users/email?email=a@gmail.com 404 150 - 7.710 ms
POST /users/register 400 115 - 45.052 ms
GET /users/email?email=sa@gmail.com 404 150 - 0.990 ms
POST /users/register 201 256 - 328.469 ms
POST /users/login 404 36 - 302.056 ms
POST /users/login 404 36 - 304.009 ms
POST /users/login 404 36 - 404.643 ms
POST /users/login 404 36 - 493.998 ms
POST /users/login 404 36 - 702.104 ms
POST /users/login 404 36 - 815.153 ms
POST /users/login 404 36 - 996.786 ms
POST /users/login 404 36 - 1106.540 ms
POST /users/login 404 36 - 1287.225 ms
POST /users/login 404 36 - 1284.523 ms
POST /users/login 404 36 - 1297.868 ms
POST /users/login 404 36 - 1386.403 ms
POST /users/login 404 36 - 1383.434 ms
POST /users/login 404 36 - 1203.203 ms
POST /users/login 404 36 - 993.042 ms
POST /users/login 404 36 - 990.300 ms
POST /users/login 404 36 - 1227.744 ms
POST /users/login 404 36 - 1224.424 ms
POST /users/login 404 36 - 1221.694 ms
POST /users/login 404 36 - 1177.564 ms
POST /users/login 404 36 - 1169.602 ms
POST /users/login 404 36 - 1983.229 ms
POST /users/login 404 36 - 575.392 ms
POST /users/login 404 36 - 401.902 ms
POST /users/login 404 36 - 486.150 ms
POST /users/login 404 36 - 689.961 ms
POST /users/login 404 36 - 794.655 ms
POST /users/login 404 36 - 769.653 ms
POST /users/login 404 36 - 559.815 ms
GET /users/email?email=aaa@gmail.com 404 150 - 1.062 ms
POST /users/register 201 254 - 298.270 ms
POST /users/login 200 208 - 293.710 ms
GET /users/checkemail?email=a@gmail.com 304 - - 4.991 ms
POST /users/register 400 115 - 11.490 ms
GET /users/checkemail?email=abcd@gmail.com 200 29 - 4.341 ms
POST /users/register 201 256 - 306.345 ms
POST /users/login 200 208 - 291.963 ms
GET /users/checkemail?email=adhi@gmail.com 200 29 - 7.889 ms
GET /users/checkemail?email=a@gmail.com 304 - - 3.674 ms
POST /users/register 400 115 - 5.598 ms
GET /users/checkemail?email=a@gmail.com 304 - - 3.170 ms
GET /users/checkemail?email=adhi@gmail.com 304 - - 2.617 ms
POST /users/register 201 256 - 116.154 ms
POST /users/login 200 208 - 95.985 ms
GET /users/account 200 256 - 33.163 ms
GET /users/checkemail?email=ass@gail.com 200 29 - 2.968 ms
POST /users/register 201 254 - 106.559 ms
GET /users/checkemail?email=abb@gmail.cm 200 29 - 4.278 ms
POST /users/register 201 252 - 87.017 ms
GET /users/checkemail?email=abc@gmail.cm 200 29 - 2.673 ms
POST /users/register 201 253 - 125.572 ms
POST /users/login 200 208 - 100.130 ms
GET /users/account 200 253 - 3.498 ms
POST /users/login 404 36 - 5.009 ms
POST /users/login 404 36 - 3.090 ms
POST /users/login 404 36 - 2.882 ms
POST /users/login 404 36 - 3.389 ms
POST /users/login 404 36 - 4.843 ms
POST /users/login 404 36 - 4.667 ms
POST /users/login 404 36 - 4.494 ms
POST /users/login 404 36 - 3.679 ms
POST /users/login 404 36 - 3.135 ms
POST /users/login 200 208 - 103.845 ms
GET /users/account 200 252 - 4.929 ms
POST /users/login 404 36 - 4.112 ms
POST /users/login 404 36 - 3.387 ms
POST /users/login 200 208 - 110.650 ms
GET /users/account 304 - - 4.326 ms
GET /users/checkemail?email=c1@gmail.com 200 29 - 3.792 ms
POST /users/login 404 36 - 3.299 ms
POST /users/login 404 36 - 2.349 ms
GET /users/checkemail?email=c1@gmail.com 304 - - 4.282 ms
POST /users/login 404 36 - 2.995 ms
GET /users/checkemail?email=c1@gmail.com 304 - - 3.979 ms
POST /users/login 404 36 - 5.170 ms
POST /users/login 200 208 - 137.648 ms
GET /users/account 304 - - 5.999 ms
POST /users/login 404 36 - 2.715 ms
GET /users/checkemail?email=a1@gmail.com 200 28 - 3.203 ms
POST /users/login 404 37 - 41.540 ms
POST /users/login 404 37 - 8.667 ms
POST /api/jobs 400 102 - 8.356 ms
POST /users/login 404 37 - 30.512 ms
GET /users/checkemail?email=r1@gmail.com 200 28 - 13.197 ms
POST /users/login 404 37 - 96.704 ms
POST /users/login 404 37 - 100.366 ms
POST /users/login 404 37 - 121.591 ms
POST /users/register 201 252 - 110.904 ms
POST /users/register 400 116 - 7.468 ms
POST /users/register 201 250 - 99.903 ms
POST /users/login 200 208 - 123.338 ms
GET /users/account 200 250 - 7.004 ms
POST /users/login 200 208 - 95.853 ms
POST /api/jobs 200 12 - 3.714 ms
POST /api/jobs 400 113 - 15.623 ms
POST /api/jobs 400 113 - 17.135 ms
POST /api/jobs 201 415 - 50.432 ms
POST /api/jobs 400 140 - 14.434 ms
POST /api/jobs 201 417 - 28.642 ms
POST /users/login 404 37 - 124.322 ms
GET /users/checkemail?email=rec1@gmail.com 200 29 - 5.181 ms
POST /users/register 201 255 - 294.124 ms
POST /users/login 200 208 - 276.781 ms
GET /users/account 200 255 - 9.481 ms
GET /api/recruiter/profile 200 156 - 9.768 ms
GET /users/account 304 - - 7.052 ms
GET /users/account 304 - - 3.445 ms
GET /users/account 304 - - 4.098 ms
GET /users/account 304 - - 8.603 ms
GET /users/account 304 - - 4.613 ms
GET /users/account 304 - - 53.816 ms
GET /users/account 304 - - 9.713 ms
GET /users/account 304 - - 9.550 ms
GET /users/account 304 - - 11.329 ms
GET /users/account 304 - - 31.401 ms
GET /users/account 304 - - 10.766 ms
GET /users/account 304 - - 8.489 ms
POST /users/login 200 208 - 108.549 ms
GET /users/account 200 255 - 5.455 ms
GET /api/recruiter/profile 200 156 - 19.098 ms
PUT /api/recruiter/profile 200 263 - 33.436 ms
GET /users/account 304 - - 6.178 ms
GET /users/account 304 - - 5.031 ms
GET /users/account 304 - - 9.387 ms
GET /users/account 304 - - 9.086 ms
POST /users/login 200 208 - 154.931 ms
GET /users/account 304 - - 3.603 ms
GET /api/recruiter/profile 200 156 - 4.550 ms
GET /users/account 304 - - 6.623 ms
POST /users/login 404 37 - 128.598 ms
POST /users/login 200 208 - 114.134 ms
GET /users/account 304 - - 5.766 ms
GET /api/recruiter/profile 200 156 - 4.827 ms
POST /users/login 200 208 - 167.355 ms
POST /api/recruiter/profile 200 260 - 13.667 ms
GET /users/account 304 - - 6.100 ms
POST /users/login 200 208 - 86.366 ms
GET /users/account 304 - - 3.122 ms
GET /api/recruiter/profile 200 156 - 4.517 ms
GET /users/account 304 - - 8.636 ms
POST /users/login 200 208 - 88.539 ms
GET /users/account 304 - - 4.066 ms
GET /api/recruiter/profile 200 156 - 4.767 ms
PUT /api/recruiter/profile 200 249 - 10.560 ms
GET /users/account 304 - - 3.668 ms
POST /users/login 200 208 - 143.159 ms
GET /users/account 304 - - 4.506 ms
GET /api/recruiter/profile 200 156 - 6.019 ms
GET /users/account 304 - - 25.404 ms
POST /users/login 200 208 - 113.073 ms
GET /users/account 304 - - 7.079 ms
GET /api/recruiter/profile 200 249 - 6.675 ms
GET /users/account 304 - - 8.458 ms
GET /users/account 304 - - 7.484 ms
POST /users/login 200 208 - 309.648 ms
GET /users/account 304 - - 10.800 ms
GET /api/recruiter/profile 200 249 - 12.841 ms
GET /api/job 404 146 - 5.079 ms
GET /api/job 404 146 - 1.410 ms
GET /api/jobs 400 30 - 0.715 ms
GET /users/account 304 - - 5.870 ms
GET /users/account 304 - - 7.831 ms
POST /users/login 200 208 - 303.518 ms
GET /users/account 304 - - 7.361 ms
GET /api/recruiter/profile 304 - - 8.726 ms
GET /api/jobs 400 30 - 0.659 ms
GET /users/account 304 - - 5.873 ms
GET /users/account 304 - - 6.617 ms
GET /users/account 304 - - 10.136 ms
GET /users/account 304 - - 8.450 ms
GET /users/account 304 - - 15.035 ms
GET /users/account 304 - - 9.831 ms
POST /users/login 200 208 - 298.923 ms
GET /users/account 304 - - 8.558 ms
GET /api/recruiter/profile 304 - - 10.073 ms
POST /api/jobs 400 137 - 32.240 ms
POST /api/jobs 201 433 - 72.855 ms
POST /users/login 200 208 - 86.519 ms
GET /users/account 304 - - 3.455 ms
GET /api/recruiter/profile 304 - - 3.969 ms
GET /users/account 304 - - 7.552 ms
GET /users/account 304 - - 7.371 ms
GET /users/account 304 - - 5.487 ms
GET /users/account 304 - - 3.711 ms
GET /users/account 304 - - 3.682 ms
GET /users/account 304 - - 4.207 ms
GET /users/account 304 - - 5.934 ms
GET /users/account 304 - - 3.706 ms
GET /users/account 304 - - 4.156 ms
GET /users/account 304 - - 3.215 ms
GET /users/account 304 - - 4.791 ms
GET /users/account 304 - - 4.033 ms
GET /users/account 304 - - 2.991 ms
GET /users/account 304 - - 4.990 ms
GET /users/account 304 - - 3.546 ms
GET /users/account 304 - - 3.286 ms
GET /users/account 304 - - 3.938 ms
GET /users/account 304 - - 5.023 ms
GET /users/account 304 - - 5.394 ms
GET /users/account 304 - - 4.882 ms
GET /users/account 304 - - 2.847 ms
GET /users/account 304 - - 4.091 ms
GET /users/account 304 - - 3.207 ms
GET /users/account 304 - - 4.851 ms
GET /users/account 304 - - 3.167 ms
GET /users/account 304 - - 2.999 ms
GET /users/account 304 - - 4.036 ms
GET /users/account 304 - - 4.105 ms
GET /users/account 304 - - 3.572 ms
GET /users/account 304 - - 3.138 ms
GET /users/account 304 - - 3.022 ms
GET /users/account 304 - - 3.239 ms
GET /users/account 304 - - 3.526 ms
GET /users/account 304 - - 4.095 ms
GET /users/account 304 - - 4.119 ms
GET /users/account 304 - - 3.877 ms
GET /users/account 304 - - 3.624 ms
GET /users/account 304 - - 4.791 ms
GET /users/account 304 - - 4.614 ms
GET /users/account 304 - - 4.300 ms
GET /users/account 304 - - 6.257 ms
GET /users/account 304 - - 3.673 ms
GET /users/account 304 - - 3.910 ms
GET /users/account 304 - - 4.884 ms
GET /users/account 304 - - 8.289 ms
GET /users/account 304 - - 5.841 ms
GET /users/account 304 - - 6.619 ms
GET /users/account 304 - - 4.293 ms
GET /users/account 304 - - 2.972 ms
GET /users/account 304 - - 4.201 ms
GET /users/account 304 - - 6.379 ms
GET /users/account 304 - - 5.917 ms
GET /users/account 304 - - 4.356 ms
GET /users/account 304 - - 3.318 ms
POST /users/login 404 37 - 3.809 ms
POST /users/login 404 37 - 3.427 ms
POST /users/login 404 37 - 100.700 ms
GET /users/account 304 - - 4.250 ms
POST /users/login 200 208 - 114.715 ms
GET /users/account 304 - - 4.413 ms
GET /api/recruiter/profile 304 - - 3.495 ms
GET /users/account 304 - - 6.575 ms
GET /users/account 304 - - 5.958 ms
GET /users/account 304 - - 6.368 ms
GET /users/account 304 - - 3.842 ms
GET /users/account 304 - - 4.263 ms
GET /users/account 304 - - 4.909 ms
GET /users/account 304 - - 3.012 ms
GET /users/account 304 - - 4.931 ms
GET /users/account 304 - - 5.261 ms
GET /users/account 304 - - 6.030 ms
POST /users/login 404 37 - 121.891 ms
POST /users/login 404 37 - 104.296 ms
GET /users/checkemail?email=c1@gmail.com 200 29 - 2.881 ms
POST /users/register 201 252 - 106.208 ms
POST /users/login 200 208 - 124.598 ms
GET /users/account 200 252 - 4.176 ms
GET /api/candidates/profile 404 161 - 0.341 ms
POST /users/login 200 208 - 83.419 ms
GET /users/account 304 - - 2.595 ms
GET /api/candidates/profile 404 161 - 0.322 ms
GET /users/account 304 - - 5.458 ms
GET /users/account 304 - - 5.871 ms
POST /users/login 200 208 - 86.121 ms
GET /users/account 304 - - 3.961 ms
POST /api/candidates/profile 404 162 - 0.398 ms
POST /api/candidates/profile 404 162 - 0.171 ms
POST /api/candidates/profile 404 162 - 0.168 ms
POST /api/candidates/profile 404 162 - 0.173 ms
GET /users/account 304 - - 5.940 ms
GET /users/account 304 - - 5.559 ms
POST /api/candidates/profile 404 162 - 0.724 ms
GET /users/account 304 - - 8.573 ms
GET /users/account 304 - - 5.288 ms
GET /users/account 304 - - 4.633 ms
GET /users/account 304 - - 4.789 ms
POST /users/login 404 37 - 264.479 ms
GET /users/checkemail?email=c1@gmail.com 200 28 - 6.686 ms
POST /users/login 200 208 - 142.101 ms
POST /api/application 400 321 - 10.154 ms
POST /api/application 400 130 - 2.528 ms
POST /api/application 200 213 - 33.476 ms
POST /api/application 400 141 - 15.888 ms
GET /users/account 304 - - 31.081 ms
GET /users/account 304 - - 4.491 ms
POST /users/login 200 208 - 112.043 ms
GET /users/account 304 - - 6.212 ms
GET /users/account 304 - - 9.235 ms
GET /users/account 304 - - 8.700 ms
GET /users/account 304 - - 6.496 ms
GET /users/account 304 - - 6.135 ms
GET /users/account 304 - - 5.928 ms
GET /users/account 304 - - 5.115 ms
GET /users/account 304 - - 11.600 ms
GET /users/account 304 - - 8.404 ms
GET /users/account 304 - - 4.811 ms
GET /users/account 304 - - 4.847 ms
GET /users/account 304 - - 11.252 ms
GET /users/account 304 - - 8.708 ms
GET /users/account 304 - - 8.876 ms
GET /users/account 304 - - 8.271 ms
GET /users/account 304 - - 8.051 ms
GET /users/account 304 - - 6.388 ms
GET /users/account 304 - - 8.657 ms
GET /users/account 304 - - 7.158 ms
GET /users/account 304 - - 6.034 ms
GET /users/account 304 - - 5.226 ms
GET /users/account 304 - - 7.769 ms
GET /users/account 304 - - 8.189 ms
GET /users/account 304 - - 9.144 ms
GET /users/account 304 - - 6.602 ms
GET /users/account 304 - - 6.232 ms
GET /users/account 304 - - 4.241 ms
GET /users/account 304 - - 8.379 ms
GET /users/account 304 - - 5.266 ms
GET /users/account 304 - - 6.045 ms
GET /users/account 304 - - 4.419 ms
GET /users/account 304 - - 7.016 ms
GET /users/account 304 - - 5.434 ms
GET /users/account 304 - - 7.388 ms
GET /users/account 304 - - 6.830 ms
GET /users/account 304 - - 6.190 ms
GET /users/account 304 - - 5.886 ms
GET /users/account 304 - - 7.298 ms
GET /users/account 304 - - 6.172 ms
GET /users/account 304 - - 6.803 ms
GET /users/account 304 - - 5.106 ms
GET /users/account 304 - - 7.817 ms
GET /users/account 304 - - 6.342 ms
GET /users/account 304 - - 4.447 ms
GET /users/account 304 - - 5.089 ms
GET /users/account 304 - - 3.067 ms
GET /users/account 304 - - 3.297 ms
GET /users/account 304 - - 6.617 ms
GET /users/account 304 - - 5.108 ms
GET /users/account 304 - - 9.865 ms
GET /users/account 304 - - 7.209 ms
GET /users/account 304 - - 6.830 ms
GET /users/account 304 - - 5.150 ms
GET /users/account 304 - - 5.447 ms
POST /users/login 200 208 - 104.009 ms
GET /users/account 200 255 - 4.713 ms
GET /users/account 304 - - 12.543 ms
GET /users/account 304 - - 10.370 ms
GET /api/jobs/my 404 150 - 2.675 ms
GET /users/account 304 - - 6.155 ms
GET /users/account 304 - - 2.972 ms
GET /users/account 304 - - 3.170 ms
GET /users/account 304 - - 4.076 ms
GET /users/account 304 - - 4.550 ms
GET /users/account 304 - - 3.761 ms
GET /users/account 304 - - 5.261 ms
GET /api/jobs/my 404 150 - 0.421 ms
POST /users/login 200 208 - 97.299 ms
GET /users/account 304 - - 4.392 ms
GET /users/account 304 - - 4.284 ms
GET /users/account 304 - - 4.831 ms
GET /users/account 304 - - 4.760 ms
GET /users/account 304 - - 3.565 ms
GET /users/account 304 - - 4.886 ms
GET /users/account 304 - - 3.480 ms
GET /users/account 304 - - 3.482 ms
GET /users/account 304 - - 2.933 ms
GET /users/account 304 - - 2.802 ms
GET /users/account 304 - - 3.156 ms
GET /users/account 304 - - 4.133 ms
GET /users/account 304 - - 3.987 ms
GET /users/account 304 - - 3.183 ms
GET /users/account 304 - - 3.611 ms
GET /users/account 304 - - 3.924 ms
GET /users/account 304 - - 6.353 ms
POST /users/login 200 208 - 97.389 ms
GET /users/account 304 - - 3.120 ms
GET /users/account 304 - - 4.671 ms
GET /users/account 304 - - 4.108 ms
GET /users/account 304 - - 6.536 ms
GET /users/account 304 - - 4.970 ms
GET /users/account 304 - - 4.287 ms
GET /users/account 304 - - 4.455 ms
GET /api/jobs/my 404 150 - 0.349 ms
GET /users/account 304 - - 23.582 ms
GET /api/jobs/my 200 435 - 19.045 ms
GET /users/account 304 - - 5.787 ms
GET /users/account 304 - - 6.156 ms
GET /users/account 304 - - 9.645 ms
GET /api/jobs/my 304 - - 15.958 ms
GET /users/account 304 - - 7.310 ms
GET /users/account 304 - - 10.655 ms
GET /users/account 304 - - 8.071 ms
GET /users/account 304 - - 12.313 ms
GET /users/account 304 - - 11.651 ms
GET /users/account 304 - - 7.259 ms
GET /api/jobs/my 304 - - 10.798 ms
GET /users/account 304 - - 7.473 ms
POST /users/login 200 208 - 134.776 ms
GET /users/account 200 252 - 4.589 ms
GET /users/account 304 - - 5.866 ms
GET /users/account 304 - - 5.293 ms
GET /users/account 304 - - 7.595 ms
GET /users/account 304 - - 4.741 ms
GET /users/account 304 - - 10.777 ms
GET /users/account 304 - - 8.657 ms
GET /users/account 304 - - 5.500 ms
GET /users/account 304 - - 3.875 ms
GET /users/account 304 - - 8.335 ms
GET /users/account 304 - - 4.610 ms
GET /users/account 304 - - 4.573 ms
GET /users/account 304 - - 5.595 ms
GET /users/account 304 - - 6.343 ms
GET /users/account 304 - - 4.629 ms
GET /users/account 304 - - 4.675 ms
GET /users/account 304 - - 4.203 ms
GET /api/jobs 400 30 - 0.790 ms
GET /api/jobs 200 1685 - 37.326 ms
GET /users/account 304 - - 29.399 ms
GET /api/jobs 304 - - 11.242 ms
GET /api/jobs 304 - - 4.827 ms
POST /users/login 200 208 - 130.182 ms
GET /users/account 304 - - 5.363 ms
GET /api/jobs 304 - - 6.441 ms
GET /users/account 304 - - 6.337 ms
GET /users/account 304 - - 3.978 ms
GET /users/account 304 - - 5.672 ms
GET /users/account 304 - - 3.812 ms
POST /users/login 200 208 - 98.030 ms
GET /users/account 200 255 - 3.330 ms
GET /users/account 304 - - 8.408 ms
GET /users/account 304 - - 5.981 ms
GET /users/account 304 - - 5.718 ms
GET /users/account 304 - - 3.169 ms
GET /users/account 304 - - 3.555 ms
GET /users/account 304 - - 4.497 ms
GET /users/account 304 - - 3.898 ms
GET /users/account 304 - - 3.277 ms
GET /users/account 304 - - 6.481 ms
GET /users/account 304 - - 3.301 ms
GET /users/account 304 - - 6.952 ms
GET /users/account 304 - - 6.017 ms
GET /api/jobs/my 304 - - 5.441 ms
GET /api/jobs/my 500 32 - 27.800 ms
GET /users/account 304 - - 25.835 ms
GET /users/account 304 - - 12.776 ms
GET /users/account 304 - - 9.345 ms
GET /users/account 304 - - 8.537 ms
GET /api/jobs/my 500 32 - 7.254 ms
GET /users/account 304 - - 9.820 ms
GET /users/account 304 - - 7.965 ms
GET /users/account 304 - - 8.149 ms
GET /users/account 304 - - 6.611 ms
GET /api/jobs/my 500 32 - 6.651 ms
GET /users/account 304 - - 11.193 ms
GET /users/account 304 - - 8.507 ms
GET /users/account 304 - - 6.039 ms
GET /users/account 304 - - 6.319 ms
GET /users/account 304 - - 5.814 ms
GET /users/account 304 - - 4.758 ms
GET /users/account 304 - - 4.855 ms
GET /users/account 304 - - 4.439 ms
GET /users/account 304 - - 7.566 ms
GET /users/account 304 - - 6.542 ms
GET /users/account 304 - - 9.012 ms
GET /users/account 304 - - 6.569 ms
GET /api/jobs/my 500 32 - 9.186 ms
GET /users/account 304 - - 7.690 ms
GET /users/account 304 - - 5.910 ms
GET /users/account 304 - - 4.582 ms
GET /api/jobs/my 500 32 - 5.963 ms
GET /api/jobs 304 - - 10.352 ms
GET /api/jobs/my 500 32 - 10.039 ms
POST /users/login 200 208 - 117.580 ms
GET /users/account 200 252 - 5.382 ms
GET /api/jobs 304 - - 5.209 ms
GET /api/jobs 304 - - 9.199 ms
GET /users/account 304 - - 8.196 ms
GET /api/jobs 304 - - 6.831 ms
POST /users/login 200 208 - 126.382 ms
GET /users/account 304 - - 5.022 ms
GET /api/jobs 304 - - 3.929 ms
GET /api/jobs 304 - - 5.090 ms
GET /api/jobs 304 - - 4.401 ms
GET /api/jobs 304 - - 3.898 ms
GET /api/jobs 304 - - 2.577 ms
GET /api/jobs/663df5152380c3c0f19283ff 200 415 - 2.717 ms
POST /api/applications 404 156 - 1.838 ms
POST /api/applications 404 156 - 0.451 ms
POST /api/applications 400 141 - 20.013 ms
GET /api/jobs/663df5152380c3c0f19283ff 304 - - 14.280 ms
GET /users/account 304 - - 7.431 ms
POST /api/applications 400 141 - 11.471 ms
POST /api/applications 400 141 - 21.696 ms
GET /api/jobs/663df5152380c3c0f19283ff 304 - - 13.436 ms
GET /users/account 304 - - 13.047 ms
POST /api/applications 400 141 - 11.435 ms
GET /api/jobs/663df5152380c3c0f19283ff 304 - - 3.315 ms
GET /api/jobs/663df5152380c3c0f19283ff 304 - - 5.890 ms
GET /api/jobs/663df5152380c3c0f19283ff 304 - - 5.163 ms
GET /api/jobs/663df5152380c3c0f19283ff 304 - - 9.140 ms
GET /users/account 304 - - 9.042 ms
POST /api/applications 400 141 - 6.020 ms
GET /users/account 304 - - 5.729 ms
GET /users/account 304 - - 5.542 ms
POST /api/applications 400 141 - 7.030 ms
POST /api/applications 400 141 - 4.131 ms
POST /api/applications 400 141 - 4.405 ms
GET /api/jobs/663df5152380c3c0f19283ff 304 - - 7.051 ms
GET /users/account 304 - - 5.250 ms
POST /api/applications 400 141 - 5.028 ms
GET /api/jobs/663df5152380c3c0f19283ff 304 - - 9.227 ms
GET /users/account 304 - - 5.604 ms
POST /api/applications 400 141 - 4.115 ms
GET /api/jobs/663df5152380c3c0f19283ff 304 - - 4.282 ms
POST /api/applications 400 141 - 17.423 ms
GET /api/jobs/663df5152380c3c0f19283ff 304 - - 10.273 ms
GET /api/jobs/663df5152380c3c0f19283ff 304 - - 6.878 ms
GET /users/account 304 - - 5.967 ms
GET /api/jobs/663df5152380c3c0f19283ff 304 - - 7.192 ms
GET /api/jobs/663df5152380c3c0f19283ff 304 - - 3.368 ms
GET /api/applications/check/663df5152380c3c0f19283ff 404 186 - 3.259 ms
GET /api/jobs/663df5152380c3c0f19283ff 304 - - 10.140 ms
GET /api/jobs/663df5152380c3c0f19283ff 304 - - 7.399 ms
GET /api/applications/check/663df5152380c3c0f19283ff 404 186 - 0.679 ms
GET /api/applications/check/663df5152380c3c0f19283ff 404 186 - 0.565 ms
GET /api/jobs/663df5152380c3c0f19283ff 304 - - 7.685 ms
GET /api/jobs/663df5152380c3c0f19283ff 304 - - 9.283 ms
GET /api/applications/check/663df5152380c3c0f19283ff 404 186 - 0.684 ms
GET /api/jobs/663df5152380c3c0f19283ff 304 - - 11.548 ms
GET /api/applications/check/663df5152380c3c0f19283ff 404 186 - 0.958 ms
GET /users/account 304 - - 5.862 ms
POST /api/applications 400 141 - 5.878 ms
GET /api/jobs/663df5152380c3c0f19283ff 304 - - 7.668 ms
GET /api/applications/check/663df5152380c3c0f19283ff 404 186 - 1.381 ms
GET /users/account 304 - - 7.665 ms
POST /api/applications 200 213 - 16.487 ms
POST /api/applications 400 141 - 5.037 ms
POST /api/applications 400 141 - 5.519 ms
GET /api/jobs/663df5152380c3c0f19283ff 304 - - 9.971 ms
GET /api/applications/check/663df5152380c3c0f19283ff 404 186 - 1.032 ms
GET /users/account 304 - - 11.750 ms
POST /api/applications 200 213 - 10.241 ms
GET /api/jobs 304 - - 13.702 ms
GET /api/jobs/663dfa318072121a641f4b32 200 415 - 5.014 ms
GET /api/applications/check/663dfa318072121a641f4b32 404 186 - 0.874 ms
POST /api/applications 200 213 - 20.889 ms
POST /api/candidates/profile 404 162 - 0.931 ms
POST /api/candidates/profile 404 162 - 0.484 ms
POST /users/login 200 208 - 433.630 ms
GET /users/account 304 - - 19.097 ms
GET /api/jobs 304 - - 26.974 ms
GET /api/jobs/663dfa318072121a641f4b32 304 - - 9.379 ms
GET /api/applications/check/663dfa318072121a641f4b32 404 186 - 4.588 ms
POST /api/applications 400 141 - 15.698 ms
POST /api/applications 400 141 - 10.028 ms
GET /users/account 304 - - 63.869 ms
GET /users/account 200 4 - 12.332 ms
GET /users/account 304 - - 14.670 ms
GET /users/account 304 - - 11.434 ms
POST /users/login 200 208 - 365.496 ms
GET /users/account 200 255 - 9.288 ms
GET /api/jobs 304 - - 19.752 ms
GET /api/jobs/663dfa318072121a641f4b32 304 - - 7.350 ms
GET /api/applications/check/663dfa318072121a641f4b32 404 186 - 6.062 ms
POST /api/applications 403 61 - 4.261 ms
POST /users/login 200 208 - 302.635 ms
GET /users/account 200 252 - 9.098 ms
GET /users/account 304 - - 9.876 ms
POST /users/login 200 208 - 301.772 ms
GET /users/account 304 - - 8.727 ms
GET /api/jobs 304 - - 11.398 ms
GET /api/jobs/663df5152380c3c0f19283ff 304 - - 4.864 ms
GET /api/applications/check/663df5152380c3c0f19283ff 404 186 - 1.389 ms
POST /api/applications 200 213 - 54.576 ms
POST /api/applications 400 141 - 10.928 ms
GET /users/account 304 - - 27.299 ms
GET /api/jobs/663df5152380c3c0f19283ff 304 - - 17.439 ms
POST /users/login 200 208 - 132.782 ms
GET /users/account 304 - - 8.484 ms
GET /api/jobs 304 - - 9.015 ms
GET /api/jobs 200 1685 - 32.505 ms
GET /users/account 304 - - 30.955 ms
GET /users/account 304 - - 9.140 ms
POST /users/login 200 208 - 204.906 ms
GET /users/account 200 255 - 19.072 ms
GET /api/jobs/663df5152380c3c0f19283ff 200 415 - 30.599 ms
GET /api/jobs/663f0f568072121a641f4b39/application/663df5152380c3c0f19283ff 404 209 - 2.490 ms
GET /api/jobs/663df5152380c3c0f19283ff/application/663df5152380c3c0f19283ff 404 209 - 0.927 ms
GET /api/jobs/663df5152380c3c0f19283ff/application 404 184 - 7.872 ms
GET /api/jobs/663df5152380c3c0f19283ff/application 404 184 - 1.183 ms
GET /api/jobs/663df5152380c3c0f19283ff/applications 404 29 - 34.833 ms
GET /api/jobs/663df5152380c3c0f19283ff/applications 404 29 - 7.874 ms
GET /api/jobs/663df5152380c3c0f19283ff 200 415 - 8.969 ms
GET /api/jobs/663df5152380c3c0f19283ff 200 415 - 3.851 ms
GET /api/jobs/663df5152380c3c0f19283ff/applications 404 29 - 5.499 ms
GET /api/jobs/663dfa318072121a641f4b32/applications 404 29 - 9.841 ms
GET /api/jobs/663dfa4f8072121a641f4b34/applications 404 29 - 5.251 ms
GET /api/jobs/663f274ea22343e3e2c35618/applications 200 2 - 14.080 ms
GET /api/jobs/663df4462380c3c0f19283fa/applications 404 29 - 6.786 ms
GET /api/jobs/663f274ea22343e3e2c35618/applications 200 2 - 7.079 ms
GET /api/jobs/66444ea480c1bab972769512/applications/663df5152380c3c0f19283ff 404 29 - 8.435 ms
POST /api/application 404 155 - 2.326 ms
POST /api/applications 400 141 - 45.145 ms
GET /api/jobs/663df5152380c3c0f19283ff/applications 404 29 - 10.525 ms
GET /api/jobs/663f0f568072121a641f4b39/applications 404 29 - 8.573 ms
GET /api/jobs/66444ea480c1bab972769512/applications 404 29 - 5.181 ms
GET /api/jobs/66444ea480c1bab972769512 200 4 - 2.604 ms
GET /api/jobs/663f0f568072121a641f4b39 200 4 - 3.637 ms
POST /users/login 200 208 - 144.179 ms
GET /users/account 200 255 - 8.154 ms
POST /api/jobs 400 137 - 16.130 ms
POST /api/jobs 201 427 - 39.562 ms
GET /api/jobs/664476ee33f80d78055bf63b 200 427 - 3.398 ms
GET /api/jobs/664476ee33f80d78055bf63b/applications 200 2 - 11.592 ms
GET /api/jobs/664476ee33f80d78055bf63b/applications/664476ee33f80d78055bf63b 200 4 - 13.095 ms
GET /api/jobs/664476ee33f80d78055bf63b/applications/663f0f568072121a641f4b39 200 4 - 10.403 ms
GET /api/jobs/664476ee33f80d78055bf63b/applications/66444ea480c1bab972769512 200 4 - 8.509 ms
GET /api/jobs/664476ee33f80d78055bf63b/applications/663df5152380c3c0f19283ff 200 4 - 9.173 ms
GET /api/jobs/664476ee33f80d78055bf63b/applications/ 200 2 - 7.261 ms
GET /api/jobs/664476ee33f80d78055bf63b 200 427 - 4.008 ms
GET /api/jobs/664476ee33f80d78055bf63b/applications 200 2 - 6.346 ms
POST /users/login 200 208 - 109.914 ms
POST /api/applications 400 141 - 6.188 ms
POST /api/applications 200 213 - 16.799 ms
GET /api/jobs/664476ee33f80d78055bf63b/applications 200 215 - 8.603 ms
GET /api/jobs/664476ee33f80d78055bf63b/applications/6644784033f80d78055bf650 200 213 - 8.761 ms
PUT /api/jobs/664476ee33f80d78055bf63b/applications/6644784033f80d78055bf650 200 212 - 43.333 ms
PUT /api/jobs/664476ee33f80d78055bf63b/applications/6644784033f80d78055bf650 200 212 - 12.915 ms
PUT /api/jobs/664476ee33f80d78055bf63b/applications/6644784033f80d78055bf650 200 216 - 8.277 ms
GET /api/applications 400 30 - 4.170 ms
GET /api/applications 200 2 - 27.760 ms
POST /users/login 200 208 - 137.966 ms
GET /api/applications 200 2 - 4.297 ms
GET /api/applications 200 2 - 9.481 ms
GET /api/applications 200 2 - 6.260 ms
GET /api/applications 200 2 - 4.400 ms
GET /api/664476ee33f80d78055bf63b/applications 404 180 - 1.989 ms
GET /api/664476ee33f80d78055bf63b/applications 200 2 - 17.564 ms
GET /api/664476ee33f80d78055bf63b/applications 200 2 - 15.569 ms
GET /api/applications 200 2 - 25.034 ms
GET /api/applications 200 2 - 6.564 ms
POST /users/login 200 208 - 197.875 ms
GET /api/applications 200 2 - 8.801 ms
GET /api/applications 200 2 - 5.660 ms
GET /api/applications 200 2 - 6.200 ms
GET /api/applications 200 2 - 3.363 ms
POST /api/applications 400 141 - 8.221 ms
POST /api/applications 200 213 - 21.186 ms
GET /users/account 304 - - 15.320 ms
GET /api/jobs 200 2113 - 7.572 ms
GET /api/jobs/663df5152380c3c0f19283ff 200 415 - 5.235 ms
GET /api/applications/check/663df5152380c3c0f19283ff 200 2 - 4.435 ms
POST /users/login 404 37 - 108.724 ms
POST /users/login 200 208 - 106.162 ms
GET /users/account 200 252 - 2.947 ms
GET /api/jobs 304 - - 4.417 ms
GET /api/jobs/663dfa318072121a641f4b32 200 415 - 6.533 ms
GET /api/applications/check/663dfa318072121a641f4b32 200 2 - 5.168 ms
GET /api/jobs 304 - - 7.988 ms
GET /api/jobs/663df5152380c3c0f19283ff 304 - - 6.387 ms
GET /api/applications/check/663df5152380c3c0f19283ff 200 213 - 6.133 ms
GET /api/jobs 304 - - 5.748 ms
GET /api/jobs/664476ee33f80d78055bf63b 200 427 - 4.313 ms
GET /api/applications/check/664476ee33f80d78055bf63b 200 216 - 5.907 ms
GET /api/applications 200 2 - 56.305 ms
GET /api/applications 403 61 - 22.959 ms
GET /users/account 304 - - 55.700 ms
GET /api/jobs/664476ee33f80d78055bf63b/applications/6644784033f80d78055bf650 200 216 - 107.718 ms
GET /api/applications?jobId=664476ee33f80d78055bf63b 403 61 - 14.815 ms
POST /users/login 200 208 - 404.800 ms
GET /api/applications?jobId=664476ee33f80d78055bf63b 200 218 - 16.967 ms
GET /users/account 304 - - 49.985 ms
GET /users/account 304 - - 5.626 ms
POST /users/login 200 208 - 118.859 ms
GET /users/account 200 255 - 3.754 ms
GET /api/jobs/my 200 863 - 8.516 ms
GET /api/jobs/my 304 - - 4.326 ms
GET /api/jobs/my 304 - - 4.894 ms
GET /api/jobs/my 304 - - 6.321 ms
GET /api/jobs/my 304 - - 6.344 ms
GET /api/jobs/my 304 - - 5.639 ms
GET /api/jobs/my 304 - - 4.211 ms
GET /api/jobs/my 304 - - 4.822 ms
GET /api/jobs/my 304 - - 3.862 ms
GET /api/jobs/my 304 - - 4.179 ms
GET /api/jobs/my 304 - - 5.225 ms
GET /api/jobs/my 304 - - 4.859 ms
GET /api/jobs/my 304 - - 4.534 ms
GET /api/jobs/my 304 - - 3.971 ms
GET /api/jobs/my 304 - - 3.306 ms
GET /users/account 304 - - 3.722 ms
